This is pdfTeX, Version 3.14159265-2.6-1.40.18 (TeX Live 2017/Debian) (preloaded format=pdflatex 2018.10.13)  20 AUG 2020 13:39
entering extended mode
 restricted \write18 enabled.
 %&-line parsing enabled.
**/data/condor_builds/users/efried/FastResponseAnalysis/trunk/2017_01_01_Fast_R
esponse_Example/2017_01_01_Fast_Response_Example_report.tex

(/data/condor_builds/users/efried/FastResponseAnalysis/trunk/2017_01_01_Fast_Re
sponse_Example/2017_01_01_Fast_Response_Example_report.tex
LaTeX2e <2017-04-15>
Babel <3.18> and hyphenation patterns for 3 language(s) loaded.
(/usr/share/texlive/texmf-dist/tex/latex/base/article.cls
Document Class: article 2014/09/29 v1.4h Standard LaTeX document class
(/usr/share/texlive/texmf-dist/tex/latex/base/size10.clo
File: size10.clo 2014/09/29 v1.4h Standard LaTeX file (size option)
)
\c@part=\count79
\c@section=\count80
\c@subsection=\count81
\c@subsubsection=\count82
\c@paragraph=\count83
\c@subparagraph=\count84
\c@figure=\count85
\c@table=\count86
\abovecaptionskip=\skip41
\belowcaptionskip=\skip42
\bibindent=\dimen102
) (/usr/share/texlive/texmf-dist/tex/latex/pgf/frontendlayer/tikz.sty (/usr/sha
re/texlive/texmf-dist/tex/latex/pgf/basiclayer/pgf.sty (/usr/share/texlive/texm
f-dist/tex/latex/pgf/utilities/pgfrcs.sty (/usr/share/texlive/texmf-dist/tex/ge
neric/pgf/utilities/pgfutil-common.tex
\pgfutil@everybye=\toks14
\pgfutil@tempdima=\dimen103
\pgfutil@tempdimb=\dimen104

(/usr/share/texlive/texmf-dist/tex/generic/pgf/utilities/pgfutil-common-lists.t
ex)) (/usr/share/texlive/texmf-dist/tex/generic/pgf/utilities/pgfutil-latex.def
\pgfutil@abb=\box26
(/usr/share/texlive/texmf-dist/tex/latex/ms/everyshi.sty
Package: everyshi 2001/05/15 v3.00 EveryShipout Package (MS)
)) (/usr/share/texlive/texmf-dist/tex/generic/pgf/utilities/pgfrcs.code.tex
Package: pgfrcs 2015/08/07 v3.0.1a (rcs-revision 1.31)
))
Package: pgf 2015/08/07 v3.0.1a (rcs-revision 1.15)
(/usr/share/texlive/texmf-dist/tex/latex/pgf/basiclayer/pgfcore.sty (/usr/share
/texlive/texmf-dist/tex/latex/graphics/graphicx.sty
Package: graphicx 2017/06/01 v1.1a Enhanced LaTeX Graphics (DPC,SPQR)
(/usr/share/texlive/texmf-dist/tex/latex/graphics/keyval.sty
Package: keyval 2014/10/28 v1.15 key=value parser (DPC)
\KV@toks@=\toks15
) (/usr/share/texlive/texmf-dist/tex/latex/graphics/graphics.sty
Package: graphics 2017/06/25 v1.2c Standard LaTeX Graphics (DPC,SPQR)
(/usr/share/texlive/texmf-dist/tex/latex/graphics/trig.sty
Package: trig 2016/01/03 v1.10 sin cos tan (DPC)
) (/usr/share/texlive/texmf-dist/tex/latex/graphics-cfg/graphics.cfg
File: graphics.cfg 2016/06/04 v1.11 sample graphics configuration
)
Package graphics Info: Driver file: pdftex.def on input line 99.
(/usr/share/texlive/texmf-dist/tex/latex/graphics-def/pdftex.def
File: pdftex.def 2018/01/08 v1.0l Graphics/color driver for pdftex
))
\Gin@req@height=\dimen105
\Gin@req@width=\dimen106
) (/usr/share/texlive/texmf-dist/tex/latex/pgf/systemlayer/pgfsys.sty (/usr/sha
re/texlive/texmf-dist/tex/generic/pgf/systemlayer/pgfsys.code.tex
Package: pgfsys 2014/07/09 v3.0.1a (rcs-revision 1.48)
(/usr/share/texlive/texmf-dist/tex/generic/pgf/utilities/pgfkeys.code.tex
\pgfkeys@pathtoks=\toks16
\pgfkeys@temptoks=\toks17

(/usr/share/texlive/texmf-dist/tex/generic/pgf/utilities/pgfkeysfiltered.code.t
ex
\pgfkeys@tmptoks=\toks18
))
\pgf@x=\dimen107
\pgf@y=\dimen108
\pgf@xa=\dimen109
\pgf@ya=\dimen110
\pgf@xb=\dimen111
\pgf@yb=\dimen112
\pgf@xc=\dimen113
\pgf@yc=\dimen114
\w@pgf@writea=\write3
\r@pgf@reada=\read1
\c@pgf@counta=\count87
\c@pgf@countb=\count88
\c@pgf@countc=\count89
\c@pgf@countd=\count90
\t@pgf@toka=\toks19
\t@pgf@tokb=\toks20
\t@pgf@tokc=\toks21
(/usr/share/texlive/texmf-dist/tex/generic/pgf/systemlayer/pgf.cfg
File: pgf.cfg 2008/05/14  (rcs-revision 1.7)
)
Driver file for pgf: pgfsys-pdftex.def
(/usr/share/texlive/texmf-dist/tex/generic/pgf/systemlayer/pgfsys-pdftex.def
File: pgfsys-pdftex.def 2014/10/11  (rcs-revision 1.35)

(/usr/share/texlive/texmf-dist/tex/generic/pgf/systemlayer/pgfsys-common-pdf.de
f
File: pgfsys-common-pdf.def 2013/10/10  (rcs-revision 1.13)
)))
(/usr/share/texlive/texmf-dist/tex/generic/pgf/systemlayer/pgfsyssoftpath.code.
tex
File: pgfsyssoftpath.code.tex 2013/09/09  (rcs-revision 1.9)
\pgfsyssoftpath@smallbuffer@items=\count91
\pgfsyssoftpath@bigbuffer@items=\count92
)
(/usr/share/texlive/texmf-dist/tex/generic/pgf/systemlayer/pgfsysprotocol.code.
tex
File: pgfsysprotocol.code.tex 2006/10/16  (rcs-revision 1.4)
)) (/usr/share/texlive/texmf-dist/tex/latex/xcolor/xcolor.sty
Package: xcolor 2016/05/11 v2.12 LaTeX color extensions (UK)
(/usr/share/texlive/texmf-dist/tex/latex/graphics-cfg/color.cfg
File: color.cfg 2016/01/02 v1.6 sample color configuration
)
Package xcolor Info: Driver file: pdftex.def on input line 225.
Package xcolor Info: Model `cmy' substituted by `cmy0' on input line 1348.
Package xcolor Info: Model `hsb' substituted by `rgb' on input line 1352.
Package xcolor Info: Model `RGB' extended on input line 1364.
Package xcolor Info: Model `HTML' substituted by `rgb' on input line 1366.
Package xcolor Info: Model `Hsb' substituted by `hsb' on input line 1367.
Package xcolor Info: Model `tHsb' substituted by `hsb' on input line 1368.
Package xcolor Info: Model `HSB' substituted by `hsb' on input line 1369.
Package xcolor Info: Model `Gray' substituted by `gray' on input line 1370.
Package xcolor Info: Model `wave' substituted by `hsb' on input line 1371.
) (/usr/share/texlive/texmf-dist/tex/generic/pgf/basiclayer/pgfcore.code.tex
Package: pgfcore 2010/04/11 v3.0.1a (rcs-revision 1.7)
(/usr/share/texlive/texmf-dist/tex/generic/pgf/math/pgfmath.code.tex (/usr/shar
e/texlive/texmf-dist/tex/generic/pgf/math/pgfmathcalc.code.tex (/usr/share/texl
ive/texmf-dist/tex/generic/pgf/math/pgfmathutil.code.tex) (/usr/share/texlive/t
exmf-dist/tex/generic/pgf/math/pgfmathparser.code.tex
\pgfmath@dimen=\dimen115
\pgfmath@count=\count93
\pgfmath@box=\box27
\pgfmath@toks=\toks22
\pgfmath@stack@operand=\toks23
\pgfmath@stack@operation=\toks24
) (/usr/share/texlive/texmf-dist/tex/generic/pgf/math/pgfmathfunctions.code.tex

(/usr/share/texlive/texmf-dist/tex/generic/pgf/math/pgfmathfunctions.basic.code
.tex)
(/usr/share/texlive/texmf-dist/tex/generic/pgf/math/pgfmathfunctions.trigonomet
ric.code.tex)
(/usr/share/texlive/texmf-dist/tex/generic/pgf/math/pgfmathfunctions.random.cod
e.tex)
(/usr/share/texlive/texmf-dist/tex/generic/pgf/math/pgfmathfunctions.comparison
.code.tex)
(/usr/share/texlive/texmf-dist/tex/generic/pgf/math/pgfmathfunctions.base.code.
tex)
(/usr/share/texlive/texmf-dist/tex/generic/pgf/math/pgfmathfunctions.round.code
.tex)
(/usr/share/texlive/texmf-dist/tex/generic/pgf/math/pgfmathfunctions.misc.code.
tex)
(/usr/share/texlive/texmf-dist/tex/generic/pgf/math/pgfmathfunctions.integerari
thmetics.code.tex))) (/usr/share/texlive/texmf-dist/tex/generic/pgf/math/pgfmat
hfloat.code.tex
\c@pgfmathroundto@lastzeros=\count94
))
(/usr/share/texlive/texmf-dist/tex/generic/pgf/basiclayer/pgfcorepoints.code.te
x
File: pgfcorepoints.code.tex 2013/10/07  (rcs-revision 1.27)
\pgf@picminx=\dimen116
\pgf@picmaxx=\dimen117
\pgf@picminy=\dimen118
\pgf@picmaxy=\dimen119
\pgf@pathminx=\dimen120
\pgf@pathmaxx=\dimen121
\pgf@pathminy=\dimen122
\pgf@pathmaxy=\dimen123
\pgf@xx=\dimen124
\pgf@xy=\dimen125
\pgf@yx=\dimen126
\pgf@yy=\dimen127
\pgf@zx=\dimen128
\pgf@zy=\dimen129
)
(/usr/share/texlive/texmf-dist/tex/generic/pgf/basiclayer/pgfcorepathconstruct.
code.tex
File: pgfcorepathconstruct.code.tex 2013/10/07  (rcs-revision 1.29)
\pgf@path@lastx=\dimen130
\pgf@path@lasty=\dimen131
)
(/usr/share/texlive/texmf-dist/tex/generic/pgf/basiclayer/pgfcorepathusage.code
.tex
File: pgfcorepathusage.code.tex 2014/11/02  (rcs-revision 1.24)
\pgf@shorten@end@additional=\dimen132
\pgf@shorten@start@additional=\dimen133
)
(/usr/share/texlive/texmf-dist/tex/generic/pgf/basiclayer/pgfcorescopes.code.te
x
File: pgfcorescopes.code.tex 2015/05/08  (rcs-revision 1.46)
\pgfpic=\box28
\pgf@hbox=\box29
\pgf@layerbox@main=\box30
\pgf@picture@serial@count=\count95
)
(/usr/share/texlive/texmf-dist/tex/generic/pgf/basiclayer/pgfcoregraphicstate.c
ode.tex
File: pgfcoregraphicstate.code.tex 2014/11/02  (rcs-revision 1.12)
\pgflinewidth=\dimen134
)
(/usr/share/texlive/texmf-dist/tex/generic/pgf/basiclayer/pgfcoretransformation
s.code.tex
File: pgfcoretransformations.code.tex 2015/08/07  (rcs-revision 1.20)
\pgf@pt@x=\dimen135
\pgf@pt@y=\dimen136
\pgf@pt@temp=\dimen137
)
(/usr/share/texlive/texmf-dist/tex/generic/pgf/basiclayer/pgfcorequick.code.tex
File: pgfcorequick.code.tex 2008/10/09  (rcs-revision 1.3)
)
(/usr/share/texlive/texmf-dist/tex/generic/pgf/basiclayer/pgfcoreobjects.code.t
ex
File: pgfcoreobjects.code.tex 2006/10/11  (rcs-revision 1.2)
)
(/usr/share/texlive/texmf-dist/tex/generic/pgf/basiclayer/pgfcorepathprocessing
.code.tex
File: pgfcorepathprocessing.code.tex 2013/09/09  (rcs-revision 1.9)
)
(/usr/share/texlive/texmf-dist/tex/generic/pgf/basiclayer/pgfcorearrows.code.te
x
File: pgfcorearrows.code.tex 2015/05/14  (rcs-revision 1.43)
\pgfarrowsep=\dimen138
)
(/usr/share/texlive/texmf-dist/tex/generic/pgf/basiclayer/pgfcoreshade.code.tex
File: pgfcoreshade.code.tex 2013/07/15  (rcs-revision 1.15)
\pgf@max=\dimen139
\pgf@sys@shading@range@num=\count96
)
(/usr/share/texlive/texmf-dist/tex/generic/pgf/basiclayer/pgfcoreimage.code.tex
File: pgfcoreimage.code.tex 2013/07/15  (rcs-revision 1.18)

(/usr/share/texlive/texmf-dist/tex/generic/pgf/basiclayer/pgfcoreexternal.code.
tex
File: pgfcoreexternal.code.tex 2014/07/09  (rcs-revision 1.21)
\pgfexternal@startupbox=\box31
))
(/usr/share/texlive/texmf-dist/tex/generic/pgf/basiclayer/pgfcorelayers.code.te
x
File: pgfcorelayers.code.tex 2013/07/18  (rcs-revision 1.7)
)
(/usr/share/texlive/texmf-dist/tex/generic/pgf/basiclayer/pgfcoretransparency.c
ode.tex
File: pgfcoretransparency.code.tex 2013/09/30  (rcs-revision 1.5)
)
(/usr/share/texlive/texmf-dist/tex/generic/pgf/basiclayer/pgfcorepatterns.code.
tex
File: pgfcorepatterns.code.tex 2013/11/07  (rcs-revision 1.5)
)))
(/usr/share/texlive/texmf-dist/tex/generic/pgf/modules/pgfmoduleshapes.code.tex
File: pgfmoduleshapes.code.tex 2014/03/21  (rcs-revision 1.35)
\pgfnodeparttextbox=\box32
) (/usr/share/texlive/texmf-dist/tex/generic/pgf/modules/pgfmoduleplot.code.tex
File: pgfmoduleplot.code.tex 2015/08/03  (rcs-revision 1.13)
)
(/usr/share/texlive/texmf-dist/tex/latex/pgf/compatibility/pgfcomp-version-0-65
.sty
Package: pgfcomp-version-0-65 2007/07/03 v3.0.1a (rcs-revision 1.7)
\pgf@nodesepstart=\dimen140
\pgf@nodesepend=\dimen141
)
(/usr/share/texlive/texmf-dist/tex/latex/pgf/compatibility/pgfcomp-version-1-18
.sty
Package: pgfcomp-version-1-18 2007/07/23 v3.0.1a (rcs-revision 1.1)
)) (/usr/share/texlive/texmf-dist/tex/latex/pgf/utilities/pgffor.sty (/usr/shar
e/texlive/texmf-dist/tex/latex/pgf/utilities/pgfkeys.sty (/usr/share/texlive/te
xmf-dist/tex/generic/pgf/utilities/pgfkeys.code.tex)) (/usr/share/texlive/texmf
-dist/tex/latex/pgf/math/pgfmath.sty (/usr/share/texlive/texmf-dist/tex/generic
/pgf/math/pgfmath.code.tex)) (/usr/share/texlive/texmf-dist/tex/generic/pgf/uti
lities/pgffor.code.tex
Package: pgffor 2013/12/13 v3.0.1a (rcs-revision 1.25)
(/usr/share/texlive/texmf-dist/tex/generic/pgf/math/pgfmath.code.tex)
\pgffor@iter=\dimen142
\pgffor@skip=\dimen143
\pgffor@stack=\toks25
\pgffor@toks=\toks26
))
(/usr/share/texlive/texmf-dist/tex/generic/pgf/frontendlayer/tikz/tikz.code.tex
Package: tikz 2015/08/07 v3.0.1a (rcs-revision 1.151)

(/usr/share/texlive/texmf-dist/tex/generic/pgf/libraries/pgflibraryplothandlers
.code.tex
File: pgflibraryplothandlers.code.tex 2013/08/31 v3.0.1a (rcs-revision 1.20)
\pgf@plot@mark@count=\count97
\pgfplotmarksize=\dimen144
)
\tikz@lastx=\dimen145
\tikz@lasty=\dimen146
\tikz@lastxsaved=\dimen147
\tikz@lastysaved=\dimen148
\tikzleveldistance=\dimen149
\tikzsiblingdistance=\dimen150
\tikz@figbox=\box33
\tikz@figbox@bg=\box34
\tikz@tempbox=\box35
\tikz@tempbox@bg=\box36
\tikztreelevel=\count98
\tikznumberofchildren=\count99
\tikznumberofcurrentchild=\count100
\tikz@fig@count=\count101

(/usr/share/texlive/texmf-dist/tex/generic/pgf/modules/pgfmodulematrix.code.tex
File: pgfmodulematrix.code.tex 2013/09/17  (rcs-revision 1.8)
\pgfmatrixcurrentrow=\count102
\pgfmatrixcurrentcolumn=\count103
\pgf@matrix@numberofcolumns=\count104
)
\tikz@expandcount=\count105

(/usr/share/texlive/texmf-dist/tex/generic/pgf/frontendlayer/tikz/libraries/tik
zlibrarytopaths.code.tex
File: tikzlibrarytopaths.code.tex 2008/06/17 v3.0.1a (rcs-revision 1.2)
))) (/usr/share/texlive/texmf-dist/tex/latex/oberdiek/grffile.sty
Package: grffile 2017/06/30 v1.18 Extended file name support for graphics (HO)
(/usr/share/texlive/texmf-dist/tex/generic/oberdiek/ifpdf.sty
Package: ifpdf 2017/03/15 v3.2 Provides the ifpdf switch
) (/usr/share/texlive/texmf-dist/tex/generic/ifxetex/ifxetex.sty
Package: ifxetex 2010/09/12 v0.6 Provides ifxetex conditional
) (/usr/share/texlive/texmf-dist/tex/latex/oberdiek/kvoptions.sty
Package: kvoptions 2016/05/16 v3.12 Key value format for package options (HO)
(/usr/share/texlive/texmf-dist/tex/generic/oberdiek/ltxcmds.sty
Package: ltxcmds 2016/05/16 v1.23 LaTeX kernel commands for general use (HO)
) (/usr/share/texlive/texmf-dist/tex/generic/oberdiek/kvsetkeys.sty
Package: kvsetkeys 2016/05/16 v1.17 Key value parser (HO)
(/usr/share/texlive/texmf-dist/tex/generic/oberdiek/infwarerr.sty
Package: infwarerr 2016/05/16 v1.4 Providing info/warning/error messages (HO)
) (/usr/share/texlive/texmf-dist/tex/generic/oberdiek/etexcmds.sty
Package: etexcmds 2016/05/16 v1.6 Avoid name clashes with e-TeX commands (HO)
(/usr/share/texlive/texmf-dist/tex/generic/oberdiek/ifluatex.sty
Package: ifluatex 2016/05/16 v1.4 Provides the ifluatex switch (HO)
Package ifluatex Info: LuaTeX not detected.
)
Package etexcmds Info: Could not find \expanded.
(etexcmds)             That can mean that you are not using pdfTeX 1.50 or
(etexcmds)             that some package has redefined \expanded.
(etexcmds)             In the latter case, load this package earlier.
))) (/usr/share/texlive/texmf-dist/tex/generic/oberdiek/pdftexcmds.sty
Package: pdftexcmds 2018/01/21 v0.26 Utility functions of pdfTeX for LuaTeX (HO
)
Package pdftexcmds Info: LuaTeX not detected.
Package pdftexcmds Info: \pdf@primitive is available.
Package pdftexcmds Info: \pdf@ifprimitive is available.
Package pdftexcmds Info: \pdfdraftmode found.
)
Package grffile Info: Option `multidot' is set to `true'.
Package grffile Info: Option `extendedchars' is set to `false'.
Package grffile Info: Option `space' is set to `true'.
Package grffile Info: \Gin@ii of package `graphicx' fixed on input line 494.
) (/usr/share/texlive/texmf-dist/tex/latex/tools/longtable.sty
Package: longtable 2014/10/28 v4.11 Multi-page Table package (DPC)
\LTleft=\skip43
\LTright=\skip44
\LTpre=\skip45
\LTpost=\skip46
\LTchunksize=\count106
\LTcapwidth=\dimen151
\LT@head=\box37
\LT@firsthead=\box38
\LT@foot=\box39
\LT@lastfoot=\box40
\LT@cols=\count107
\LT@rows=\count108
\c@LT@tables=\count109
\c@LT@chunks=\count110
\LT@p@ftn=\toks27
) (/usr/share/texlive/texmf-dist/tex/latex/geometry/geometry.sty
Package: geometry 2010/09/12 v5.6 Page Geometry
(/usr/share/texlive/texmf-dist/tex/generic/oberdiek/ifvtex.sty
Package: ifvtex 2016/05/16 v1.6 Detect VTeX and its facilities (HO)
Package ifvtex Info: VTeX not detected.
)
\Gm@cnth=\count111
\Gm@cntv=\count112
\c@Gm@tempcnt=\count113
\Gm@bindingoffset=\dimen152
\Gm@wd@mp=\dimen153
\Gm@odd@mp=\dimen154
\Gm@even@mp=\dimen155
\Gm@layoutwidth=\dimen156
\Gm@layoutheight=\dimen157
\Gm@layouthoffset=\dimen158
\Gm@layoutvoffset=\dimen159
\Gm@dimlist=\toks28
)
\@input{r.aux}
\openout2 = `r.aux'.


(/data/condor_builds/users/efried/FastResponseAnalysis/trunk/2017_01_01_Fast_Re
sponse_Example/r.tex)
No file 2017_01_01_Fast_Response_Example_report.aux.
\openout1 = `2017_01_01_Fast_Response_Example_report.aux'.

LaTeX Font Info:    Checking defaults for OML/cmm/m/it on input line 27.
LaTeX Font Info:    ... okay on input line 27.
LaTeX Font Info:    Checking defaults for T1/cmr/m/n on input line 27.
LaTeX Font Info:    ... okay on input line 27.
LaTeX Font Info:    Checking defaults for OT1/cmr/m/n on input line 27.
LaTeX Font Info:    ... okay on input line 27.
LaTeX Font Info:    Checking defaults for OMS/cmsy/m/n on input line 27.
LaTeX Font Info:    ... okay on input line 27.
LaTeX Font Info:    Checking defaults for OMX/cmex/m/n on input line 27.
LaTeX Font Info:    ... okay on input line 27.
LaTeX Font Info:    Checking defaults for U/cmr/m/n on input line 27.
LaTeX Font Info:    ... okay on input line 27.
ABD: EveryShipout initializing macros (/usr/share/texlive/texmf-dist/tex/contex
t/base/mkii/supp-pdf.mkii
[Loading MPS to PDF converter (version 2006.09.02).]
\scratchcounter=\count114
\scratchdimen=\dimen160
\scratchbox=\box41
\nofMPsegments=\count115
\nofMParguments=\count116
\everyMPshowfont=\toks29
\MPscratchCnt=\count117
\MPscratchDim=\dimen161
\MPnumerator=\count118
\makeMPintoPDFobject=\count119
\everyMPtoPDFconversion=\toks30
) (/usr/share/texlive/texmf-dist/tex/latex/oberdiek/epstopdf-base.sty
Package: epstopdf-base 2016/05/15 v2.6 Base part for package epstopdf
(/usr/share/texlive/texmf-dist/tex/latex/oberdiek/grfext.sty
Package: grfext 2016/05/16 v1.2 Manage graphics extensions (HO)
(/usr/share/texlive/texmf-dist/tex/generic/oberdiek/kvdefinekeys.sty
Package: kvdefinekeys 2016/05/16 v1.4 Define keys (HO)
))
Package epstopdf-base Info: Redefining graphics rule for `.eps' on input line 4
38.
Package grfext Info: Graphics extension search list:
(grfext)             [.pdf,.png,.jpg,.mps,.jpeg,.jbig2,.jb2,.PDF,.PNG,.JPG,.JPE
G,.JBIG2,.JB2,.eps]
(grfext)             \AppendGraphicsExtensions on input line 456.
(/usr/share/texlive/texmf-dist/tex/latex/latexconfig/epstopdf-sys.cfg
File: epstopdf-sys.cfg 2010/07/13 v1.3 Configuration of (r)epstopdf for TeX Liv
e
))
*geometry* driver: auto-detecting
*geometry* detected driver: pdftex
*geometry* verbose mode - [ preamble ] result:
* driver: pdftex
* paper: <default>
* layout: <same size as paper>
* layoutoffset:(h,v)=(0.0pt,0.0pt)
* modes: 
* h-part:(L,W,R)=(72.26999pt, 469.75502pt, 72.26999pt)
* v-part:(T,H,B)=(72.26999pt, 650.43001pt, 72.26999pt)
* \paperwidth=614.295pt
* \paperheight=794.96999pt
* \textwidth=469.75502pt
* \textheight=650.43001pt
* \oddsidemargin=0.0pt
* \evensidemargin=0.0pt
* \topmargin=-37.0pt
* \headheight=12.0pt
* \headsep=25.0pt
* \topskip=10.0pt
* \footskip=30.0pt
* \marginparwidth=65.0pt
* \marginparsep=11.0pt
* \columnsep=10.0pt
* \skip\footins=9.0pt plus 4.0pt minus 2.0pt
* \hoffset=0.0pt
* \voffset=0.0pt
* \mag=1000
* \@twocolumnfalse
* \@twosidefalse
* \@mparswitchfalse
* \@reversemarginfalse
* (1in=72.27pt=25.4mm, 1cm=28.453pt)

[1



{/var/lib/texmf/fonts/map/pdftex/updmap/pdftex.map}]
Underfull \vbox (badness 10000) detected at line 49
 []


Underfull \vbox (badness 10000) detected at line 51
 []


Underfull \vbox (badness 10000) detected at line 53
 []

[1]
Underfull \vbox (badness 10000) detected at line 60
 []


Underfull \vbox (badness 10000) detected at line 65
 []

[2]
LaTeX Font Info:    External font `cmex10' loaded for size
(Font)              <7> on input line 71.
LaTeX Font Info:    External font `cmex10' loaded for size
(Font)              <5> on input line 71.
</data/condor_builds/users/efried/FastResponseAnalysis/trunk/2017_01_01_Fast_Re
sponse_Example/IN_ICE_SIMPLE_MULTIPLICITY_plot.png, id=21, 867.24pt x 289.08pt>

File: /data/condor_builds/users/efried/FastResponseAnalysis/trunk/2017_01_01_Fa
st_Response_Example/IN_ICE_SIMPLE_MULTIPLICITY_plot.png Graphic file (type png)

<use /data/condor_builds/users/efried/FastResponseAnalysis/trunk/2017_01_01_Fas
t_Response_Example/IN_ICE_SIMPLE_MULTIPLICITY_plot.png>
Package pdftex.def Info: /data/condor_builds/users/efried/FastResponseAnalysis/
trunk/2017_01_01_Fast_Response_Example/IN_ICE_SIMPLE_MULTIPLICITY_plot.png  use
d on input line 76.
(pdftex.def)             Requested size: 469.75502pt x 156.58607pt.
</data/condor_builds/users/efried/FastResponseAnalysis/trunk/2017_01_01_Fast_Re
sponse_Example/badness_plot.png, id=23, 867.24pt x 289.08pt>
File: /data/condor_builds/users/efried/FastResponseAnalysis/trunk/2017_01_01_Fa
st_Response_Example/badness_plot.png Graphic file (type png)
<use /data/condor_builds/users/efried/FastResponseAnalysis/trunk/2017_01_01_Fas
t_Response_Example/badness_plot.png>
Package pdftex.def Info: /data/condor_builds/users/efried/FastResponseAnalysis/
trunk/2017_01_01_Fast_Response_Example/badness_plot.png  used on input line 77.

(pdftex.def)             Requested size: 469.75502pt x 156.58607pt.
</data/condor_builds/users/efried/FastResponseAnalysis/trunk/2017_01_01_Fast_Re
sponse_Example/MuonFilter_13_plot.png, id=24, 867.24pt x 289.08pt>
File: /data/condor_builds/users/efried/FastResponseAnalysis/trunk/2017_01_01_Fa
st_Response_Example/MuonFilter_13_plot.png Graphic file (type png)
<use /data/condor_builds/users/efried/FastResponseAnalysis/trunk/2017_01_01_Fas
t_Response_Example/MuonFilter_13_plot.png>
Package pdftex.def Info: /data/condor_builds/users/efried/FastResponseAnalysis/
trunk/2017_01_01_Fast_Response_Example/MuonFilter_13_plot.png  used on input li
ne 78.
(pdftex.def)             Requested size: 469.75502pt x 156.58607pt.

LaTeX Warning: File `/data/condor_builds/users/efried/FastResponseAnalysis/trun
k/2017_01_01_Fast_Response_Example/OnlineL2Filter_17_plot.png' not found on inp
ut line 79.


! Package pdftex.def Error: File `/data/condor_builds/users/efried/FastResponse
Analysis/trunk/2017_01_01_Fast_Response_Example/OnlineL2Filter_17_plot.png' not
 found: using draft setting.

See the pdftex.def package documentation for explanation.
Type  H <return>  for immediate help.
 ...                                              
                                                  
l.79 ...udegraphics[width=1.0\textwidth]{\Lfilter}
                                                  
Try typing  <return>  to proceed.
If that doesn't work, type  X <return>  to quit.

</data/condor_builds/users/efried/FastResponseAnalysis/trunk/2017_01_01_Fast_Re
sponse_Example/GFU_rate_plot.png, id=25, 867.24pt x 289.08pt>
File: /data/condor_builds/users/efried/FastResponseAnalysis/trunk/2017_01_01_Fa
st_Response_Example/GFU_rate_plot.png Graphic file (type png)
<use /data/condor_builds/users/efried/FastResponseAnalysis/trunk/2017_01_01_Fas
t_Response_Example/GFU_rate_plot.png>
Package pdftex.def Info: /data/condor_builds/users/efried/FastResponseAnalysis/
trunk/2017_01_01_Fast_Response_Example/GFU_rate_plot.png  used on input line 80
.
(pdftex.def)             Requested size: 469.75502pt x 156.58607pt.

Underfull \hbox (badness 10000) in paragraph at lines 76--83

 []

[3 </data/condor_builds/users/efried/FastResponseAnalysis/trunk/2017_01_01_Fast
_Response_Example/IN_ICE_SIMPLE_MULTIPLICITY_plot.png> </data/condor_builds/use
rs/efried/FastResponseAnalysis/trunk/2017_01_01_Fast_Response_Example/badness_p
lot.png> </data/condor_builds/users/efried/FastResponseAnalysis/trunk/2017_01_0
1_Fast_Response_Example/MuonFilter_13_plot.png>] [4 </data/condor_builds/users/
efried/FastResponseAnalysis/trunk/2017_01_01_Fast_Response_Example/GFU_rate_plo
t.png>]
</data/condor_builds/users/efried/FastResponseAnalysis/trunk/2017_01_01_Fast_Re
sponse_Example/2017_01_01_Fast_Response_Exampleunblinded_skymap.png, id=37, 661
.2705pt x 380.8629pt>
File: /data/condor_builds/users/efried/FastResponseAnalysis/trunk/2017_01_01_Fa
st_Response_Example/2017_01_01_Fast_Response_Exampleunblinded_skymap.png Graphi
c file (type png)
<use /data/condor_builds/users/efried/FastResponseAnalysis/trunk/2017_01_01_Fas
t_Response_Example/2017_01_01_Fast_Response_Exampleunblinded_skymap.png>
Package pdftex.def Info: /data/condor_builds/users/efried/FastResponseAnalysis/
trunk/2017_01_01_Fast_Response_Example/2017_01_01_Fast_Response_Exampleunblinde
d_skymap.png  used on input line 111.
(pdftex.def)             Requested size: 422.77664pt x 243.50732pt.
</data/condor_builds/users/efried/FastResponseAnalysis/trunk/2017_01_01_Fast_Re
sponse_Example/2017_01_01_Fast_Response_Exampleunblinded_skymap_zoom.png, id=38
, 537.6888pt x 425.6703pt>
File: /data/condor_builds/users/efried/FastResponseAnalysis/trunk/2017_01_01_Fa
st_Response_Example/2017_01_01_Fast_Response_Exampleunblinded_skymap_zoom.png G
raphic file (type png)
<use /data/condor_builds/users/efried/FastResponseAnalysis/trunk/2017_01_01_Fas
t_Response_Example/2017_01_01_Fast_Response_Exampleunblinded_skymap_zoom.png>
Package pdftex.def Info: /data/condor_builds/users/efried/FastResponseAnalysis/
trunk/2017_01_01_Fast_Response_Example/2017_01_01_Fast_Response_Exampleunblinde
d_skymap_zoom.png  used on input line 113.
(pdftex.def)             Requested size: 422.77664pt x 334.717pt.
[5 </data/condor_builds/users/efried/FastResponseAnalysis/trunk/2017_01_01_Fast
_Response_Example/2017_01_01_Fast_Response_Exampleunblinded_skymap.png> </data/
condor_builds/users/efried/FastResponseAnalysis/trunk/2017_01_01_Fast_Response_
Example/2017_01_01_Fast_Response_Exampleunblinded_skymap_zoom.png>]
Underfull \vbox (badness 10000) detected at line 121
 []


Underfull \vbox (badness 10000) detected at line 124
 []

[6]
LaTeX Font Info:    External font `cmex10' loaded for size
(Font)              <14.4> on input line 135.
</data/condor_builds/users/efried/FastResponseAnalysis/trunk/2017_01_01_Fast_Re
sponse_Example/central_90_dNdE.png, id=51, 510.9489pt x 348.3414pt>
File: /data/condor_builds/users/efried/FastResponseAnalysis/trunk/2017_01_01_Fa
st_Response_Example/central_90_dNdE.png Graphic file (type png)
<use /data/condor_builds/users/efried/FastResponseAnalysis/trunk/2017_01_01_Fas
t_Response_Example/central_90_dNdE.png>
Package pdftex.def Info: /data/condor_builds/users/efried/FastResponseAnalysis/
trunk/2017_01_01_Fast_Response_Example/central_90_dNdE.png  used on input line 
137.
(pdftex.def)             Requested size: 422.77664pt x 288.23032pt.

! LaTeX Error: There's no line here to end.

See the LaTeX manual or LaTeX Companion for explanation.
Type  H <return>  for immediate help.
 ...                                              
                                                  
l.139   \\
          
Your command was ignored.
Type  I <command> <return>  to replace it with another command,
or  <return>  to continue without it.

</data/condor_builds/users/efried/FastResponseAnalysis/trunk/2017_01_01_Fast_Re
sponse_Example/TS_distribution.png, id=52, 430.7292pt x 325.215pt>
File: /data/condor_builds/users/efried/FastResponseAnalysis/trunk/2017_01_01_Fa
st_Response_Example/TS_distribution.png Graphic file (type png)
<use /data/condor_builds/users/efried/FastResponseAnalysis/trunk/2017_01_01_Fas
t_Response_Example/TS_distribution.png>
Package pdftex.def Info: /data/condor_builds/users/efried/FastResponseAnalysis/
trunk/2017_01_01_Fast_Response_Example/TS_distribution.png  used on input line 
141.
(pdftex.def)             Requested size: 422.77664pt x 319.21469pt.

! LaTeX Error: There's no line here to end.

See the LaTeX manual or LaTeX Companion for explanation.
Type  H <return>  for immediate help.
 ...                                              
                                                  
l.143   \\
          
Your command was ignored.
Type  I <command> <return>  to replace it with another command,
or  <return>  to continue without it.


! LaTeX Error: There's no line here to end.

See the LaTeX manual or LaTeX Companion for explanation.
Type  H <return>  for immediate help.
 ...                                              
                                                  
l.144   \\
          
Your command was ignored.
Type  I <command> <return>  to replace it with another command,
or  <return>  to continue without it.

</data/condor_builds/users/efried/FastResponseAnalysis/trunk/2017_01_01_Fast_Re
sponse_Example/upper_limit_distribution.png, id=53, 420.6114pt x 325.9377pt>
File: /data/condor_builds/users/efried/FastResponseAnalysis/trunk/2017_01_01_Fa
st_Response_Example/upper_limit_distribution.png Graphic file (type png)
<use /data/condor_builds/users/efried/FastResponseAnalysis/trunk/2017_01_01_Fas
t_Response_Example/upper_limit_distribution.png>
Package pdftex.def Info: /data/condor_builds/users/efried/FastResponseAnalysis/
trunk/2017_01_01_Fast_Response_Example/upper_limit_distribution.png  used on in
put line 145.
(pdftex.def)             Requested size: 422.77664pt x 327.62784pt.

! LaTeX Error: There's no line here to end.

See the LaTeX manual or LaTeX Companion for explanation.
Type  H <return>  for immediate help.
 ...                                              
                                                  
l.147   \\
          
Your command was ignored.
Type  I <command> <return>  to replace it with another command,
or  <return>  to continue without it.


! LaTeX Error: There's no line here to end.

See the LaTeX manual or LaTeX Companion for explanation.
Type  H <return>  for immediate help.
 ...                                              
                                                  
l.148   \\
          
Your command was ignored.
Type  I <command> <return>  to replace it with another command,
or  <return>  to continue without it.

[7 </data/condor_builds/users/efried/FastResponseAnalysis/trunk/2017_01_01_Fast
_Response_Example/central_90_dNdE.png> </data/condor_builds/users/efried/FastRe
sponseAnalysis/trunk/2017_01_01_Fast_Response_Example/TS_distribution.png>]
</data/condor_builds/users/efried/FastResponseAnalysis/trunk/2017_01_01_Fast_Re
sponse_Example/llh_ns_scan.png, id=60, 424.9476pt x 329.18985pt>
File: /data/condor_builds/users/efried/FastResponseAnalysis/trunk/2017_01_01_Fa
st_Response_Example/llh_ns_scan.png Graphic file (type png)
<use /data/condor_builds/users/efried/FastResponseAnalysis/trunk/2017_01_01_Fas
t_Response_Example/llh_ns_scan.png>
Package pdftex.def Info: /data/condor_builds/users/efried/FastResponseAnalysis/
trunk/2017_01_01_Fast_Response_Example/llh_ns_scan.png  used on input line 149.

(pdftex.def)             Requested size: 422.77664pt x 327.51134pt.
[8 </data/condor_builds/users/efried/FastResponseAnalysis/trunk/2017_01_01_Fast
_Response_Example/upper_limit_distribution.png>] [9 </data/condor_builds/users/
efried/FastResponseAnalysis/trunk/2017_01_01_Fast_Response_Example/llh_ns_scan.
png>]
(/data/condor_builds/users/efried/FastResponseAnalysis/trunk/2017_01_01_Fast_Re
sponse_Example/2017_01_01_Fast_Response_Example_report.aux) ) 
Here is how much of TeX's memory you used:
 11978 strings out of 494923
 246424 string characters out of 6180741
 283341 words of memory out of 5000000
 15082 multiletter control sequences out of 15000+600000
 6885 words of font info for 25 fonts, out of 8000000 for 9000
 14 hyphenation exceptions out of 8191
 55i,6n,54p,532b,148s stack positions out of 5000i,500n,10000p,200000b,80000s
</usr/share/texliv
e/texmf-dist/fonts/type1/public/amsfonts/cm/cmbx12.pfb></usr/share/texlive/texm
f-dist/fonts/type1/public/amsfonts/cm/cmmi10.pfb></usr/share/texlive/texmf-dist
/fonts/type1/public/amsfonts/cm/cmmi12.pfb></usr/share/texlive/texmf-dist/fonts
/type1/public/amsfonts/cm/cmmi7.pfb></usr/share/texlive/texmf-dist/fonts/type1/
public/amsfonts/cm/cmr10.pfb></usr/share/texlive/texmf-dist/fonts/type1/public/
amsfonts/cm/cmr12.pfb></usr/share/texlive/texmf-dist/fonts/type1/public/amsfont
s/cm/cmr17.pfb></usr/share/texlive/texmf-dist/fonts/type1/public/amsfonts/cm/cm
sy10.pfb></usr/share/texlive/texmf-dist/fonts/type1/public/amsfonts/cm/cmsy7.pf
b></usr/share/texlive/texmf-dist/fonts/type1/public/amsfonts/cm/cmti12.pfb></us
r/share/texlive/texmf-dist/fonts/type1/public/amsfonts/cm/cmtt10.pfb>
Output written on /data/condor_builds/users/efried/FastResponseAnalysis/trunk/2
017_01_01_Fast_Response_Example/2017_01_01_Fast_Response_Example_report.pdf (10
 pages, 526298 bytes).
PDF statistics:
 105 PDF objects out of 1000 (max. 8388607)
 61 compressed objects within 1 object stream
 0 named destinations out of 1000 (max. 500000)
 63 words of extra memory for PDF output out of 10000 (max. 10000000)

